[33m‡πÇ¬ù‡∏è[39m Building...
[32m‡πÇ¬ú‚Äù[39m Building...
Application bundle generation failed. [1.502 seconds] - 2026-01-20T10:59:43.923Z

X [ERROR] NG6008: Component NavbarComponent is standalone, and cannot be declared in an NgModule. Did you mean to import it instead? [plugin angular-compiler]

    src/app/app-module.ts:16:4:
      16 ‡πÇ‚Äù¬Ç     NavbarComponent,
         ‡πÇ‚Ä¢‡∏ï     ~~~~~~~~~~~~~~~


X [ERROR] NG6008: Component LoginComponent is standalone, and cannot be declared in an NgModule. Did you mean to import it instead? [plugin angular-compiler]

    src/app/app-module.ts:17:4:
      17 ‡πÇ‚Äù¬Ç     LoginComponent,
         ‡πÇ‚Ä¢‡∏ï     ~~~~~~~~~~~~~~


X [ERROR] NG6008: Component ProductListComponent is standalone, and cannot be declared in an NgModule. Did you mean to import it instead? [plugin angular-compiler]

    src/app/app-module.ts:18:4:
      18 ‡πÇ‚Äù¬Ç     ProductListComponent,
         ‡πÇ‚Ä¢‡∏ï     ~~~~~~~~~~~~~~~~~~~~


X [ERROR] NG6008: Component CategoryListComponent is standalone, and cannot be declared in an NgModule. Did you mean to import it instead? [plugin angular-compiler]

    src/app/app-module.ts:19:4:
      19 ‡πÇ‚Äù¬Ç     CategoryListComponent
         ‡πÇ‚Ä¢‡∏ï     ~~~~~~~~~~~~~~~~~~~~~


